Using pre-set license
Built from '2020.3/staging' branch; Version is '2020.3.21f1 (a38c86f6690f) revision 10718342'; Using compiler version '192528614'; Build Type 'Release'
OS: 'Windows 10 Home Single Language; OS build 19043.1415; Version 2009; 64bit' Language: 'ru' Physical Memory: 7645 MB
BatchMode: 1, IsHumanControllingUs: 0, StartBugReporterOnCrash: 0, Is64bit: 1, IsPro: 0

COMMAND LINE ARGUMENTS:
C:\Program Files\Unity\Hub\Editor\2020.3.21f1\Editor\Unity.exe
-adb2
-batchMode
-noUpm
-name
AssetImportWorker17
-projectPath
C:/Users/bobyl/OneDrive/Документы/GitHub/StudentGame/StudentGame
-logFile
Logs/AssetImportWorker17.log
-srvPort
51750
Successfully changed project path to: C:/Users/bobyl/OneDrive/Документы/GitHub/StudentGame/StudentGame
C:/Users/bobyl/OneDrive/Документы/GitHub/StudentGame/StudentGame
Using Asset Import Pipeline V2.
