Using pre-set license
Built from '2020.3/staging' branch; Version is '2020.3.21f1 (a38c86f6690f) revision 10718342'; Using compiler version '192528614'; Build Type 'Release'
OS: 'Windows 10 Enterprise 2016 LTSB; OS build 14393.2430; Version 1607; 64bit' Language: 'ru' Physical Memory: 3981 MB
BatchMode: 1, IsHumanControllingUs: 0, StartBugReporterOnCrash: 0, Is64bit: 1, IsPro: 0

COMMAND LINE ARGUMENTS:
C:\Program Files\Unity Editors\2020.3.21f1\Editor\Unity.exe
-adb2
-batchMode
-noUpm
-name
AssetImportWorker1
-projectPath
D:/gitextens/StudentGame/StudentGame
-logFile
Logs/AssetImportWorker1.log
-srvPort
52205
Successfully changed project path to: D:/gitextens/StudentGame/StudentGame
D:/gitextens/StudentGame/StudentGame
Using Asset Import Pipeline V2.
Refreshing native plugins compatible for Editor in 114.87 ms, found 3 plugins.
Preloading 0 native plugins for Editor in 0.00 ms.
Initialize engine version: 2020.3.21f1 (a38c86f6690f)
[Subsystems] Discovering subsystems at path C:/Program Files/Unity Editors/2020.3.21f1/Editor/Data/Resources/UnitySubsystems
[Subsystems] Discovering subsystems at path D:/gitextens/StudentGame/StudentGame/Assets
GfxDevice: creating device client; threaded=0
Direct3D:
    Version:  Direct3D 11.0 [level 11.1]
    Renderer: AMD Radeon(TM) R3 Graphics (ID=0x98e4)
    Vendor:   
    VRAM:     1990 MB
    Driver:   23.20.808.3840
Initialize mono
Mono path[0] = 'C:/Program Files/Unity Editors/2020.3.21f1/Editor/Data/Managed'
Mono path[1] = 'C:/Program Files/Unity Editors/2020.3.21f1/Editor/Data/MonoBleedingEdge/lib/mono/unityjit'
Mono config path = 'C:/Program Files/Unity Editors/2020.3.21f1/Editor/Data/MonoBleedingEdge/etc'
Using monoOptions --debugger-agent=transport=dt_socket,embedding=1,server=y,suspend=n,address=127.0.0.1:56536
Begin MonoManager ReloadAssembly
Registering precompiled unity dll's ...
Register platform support module: C:/Program Files/Unity Editors/2020.3.21f1/Editor/Data/PlaybackEngines/WindowsStandaloneSupport/UnityEditor.WindowsStandalone.Extensions.dll
Registered in 0.003324 seconds.
Native extension for WindowsStandalone target not found
Refreshing native plugins compatible for Editor in 154.31 ms, found 3 plugins.
Preloading 0 native plugins for Editor in 0.00 ms.
Mono: successfully reloaded assembly
- Completed reload, in  3.108 seconds
Domain Reload Profiling:
	ReloadAssembly (3109ms)
		BeginReloadAssembly (151ms)
			ExecutionOrderSort (0ms)
			DisableScriptedObjects (0ms)
			BackupInstance (0ms)
			ReleaseScriptingObjects (0ms)
			CreateAndSetChildDomain (2ms)
		EndReloadAssembly (1327ms)
			LoadAssemblies (147ms)
			RebuildTransferFunctionScriptingTraits (0ms)
			SetupTypeCache (422ms)
			ReleaseScriptCaches (0ms)
			RebuildScriptCaches (88ms)
			SetupLoadedEditorAssemblies (543ms)
				LogAssemblyErrors (0ms)
				InitializePlatformSupportModulesInManaged (10ms)
				SetLoadedEditorAssemblies (1ms)
				RefreshPlugins (154ms)
				BeforeProcessingInitializeOnLoad (56ms)
				ProcessInitializeOnLoadAttributes (230ms)
				ProcessInitializeOnLoadMethodAttributes (91ms)
				AfterProcessingInitializeOnLoad (0ms)
				EditorAssembliesLoaded (1ms)
			ExecutionOrderSort2 (0ms)
			AwakeInstancesAfterBackupRestoration (0ms)
Platform modules already initialized, skipping
Registering precompiled user dll's ...
Registered in 0.008170 seconds.
Begin MonoManager ReloadAssembly
Native extension for WindowsStandalone target not found
Refreshing native plugins compatible for Editor in 110.30 ms, found 3 plugins.
Preloading 0 native plugins for Editor in 0.00 ms.
Mono: successfully reloaded assembly
- Completed reload, in  4.721 seconds
Domain Reload Profiling:
	ReloadAssembly (4728ms)
		BeginReloadAssembly (372ms)
			ExecutionOrderSort (0ms)
			DisableScriptedObjects (16ms)
			BackupInstance (0ms)
			ReleaseScriptingObjects (0ms)
			CreateAndSetChildDomain (48ms)
		EndReloadAssembly (4191ms)
			LoadAssemblies (255ms)
			RebuildTransferFunctionScriptingTraits (0ms)
			SetupTypeCache (897ms)
			ReleaseScriptCaches (1ms)
			RebuildScriptCaches (127ms)
			SetupLoadedEditorAssemblies (2558ms)
				LogAssemblyErrors (0ms)
				InitializePlatformSupportModulesInManaged (11ms)
				SetLoadedEditorAssemblies (0ms)
				RefreshPlugins (110ms)
				BeforeProcessingInitializeOnLoad (201ms)
				ProcessInitializeOnLoadAttributes (2160ms)
				ProcessInitializeOnLoadMethodAttributes (62ms)
				AfterProcessingInitializeOnLoad (12ms)
				EditorAssembliesLoaded (0ms)
			ExecutionOrderSort2 (0ms)
			AwakeInstancesAfterBackupRestoration (19ms)
Platform modules already initialized, skipping
========================================================================
Worker process is ready to serve import requests
Launched and connected shader compiler UnityShaderCompiler.exe after 0.31 seconds
Refreshing native plugins compatible for Editor in 1.14 ms, found 3 plugins.
Preloading 0 native plugins for Editor in 0.00 ms.
Unloading 2190 Unused Serialized files (Serialized files now loaded: 0)
System memory in use before: 95.8 MB.
System memory in use after: 95.9 MB.

Unloading 28 unused Assets to reduce memory usage. Loaded Objects now: 2626.
Total: 11.481458 ms (FindLiveObjects: 0.686901 ms CreateObjectMapping: 0.474255 ms MarkObjects: 10.114185 ms  DeleteObjects: 0.192593 ms)

AssetImportParameters requested are different than current active one (requested -> active):
  custom:framework-win-MediaFoundation: 216162199b28c13a410421893ffa2e32 -> 
  custom:video-decoder-ogg-theora: a1e56fd34408186e4bbccfd4996cb3dc -> 
  custom:container-muxer-webm: aa71ff27fc2769a1b78a27578f13a17b -> 
  custom:container-demuxer-webm: 4f35f7cbe854078d1ac9338744f61a02 -> 
  custom:container-demuxer-ogg: 62fdf1f143b41e24485cea50d1cbac27 -> 
  custom:video-encoder-webm-vp8: eb34c28f22e8b96e1ab97ce403110664 -> 
  custom:video-codec-MediaFoundation-h265: 55f8c8538cf0483ab7069ead6b737db2 -> 
  custom:video-decoder-webm-vp8: 9c59270c3fd7afecdb556c50c9e8de78 -> 
  custom:audio-decoder-ogg-vorbis: bf7c407c2cedff20999df2af8eb42d56 -> 
  custom:audio-encoder-webm-vorbis: bf7c407c2cedff20999df2af8eb42d56 -> 
========================================================================
Received Import Request.
  path: Assets/FightingLvl/Enemy/EnemyFight.cs
  artifactKey: Guid(1fdbde935af4df24bb0e0e88e97c593e) Importer(815301076,1909f56bfc062723c751e8b465ee728b)
Start importing Assets/FightingLvl/Enemy/EnemyFight.cs using Guid(1fdbde935af4df24bb0e0e88e97c593e) Importer(815301076,1909f56bfc062723c751e8b465ee728b)  -> (artifact id: '5777385f1bb1c7cc7416659900c59cfb') in 0.559016 seconds 
  Import took 0.622129 seconds .

========================================================================
Received Import Request.
  Time since last request: 0.000477 seconds.
  path: Assets/Scenes/FightingLvl.unity
  artifactKey: Guid(7c7fe15ed4132924f89a79667dc34c1f) Importer(815301076,1909f56bfc062723c751e8b465ee728b)
Start importing Assets/Scenes/FightingLvl.unity using Guid(7c7fe15ed4132924f89a79667dc34c1f) Importer(815301076,1909f56bfc062723c751e8b465ee728b)  -> (artifact id: '570255c59a0c46bc2ff185a0e87169af') in 0.133519 seconds 
  Import took 0.273011 seconds .

========================================================================
Received Import Request.
  Time since last request: 0.000432 seconds.
  path: Assets/FightingLvl/Player
  artifactKey: Guid(24e75c718f71af740bcaaf4edc3d71f3) Importer(815301076,1909f56bfc062723c751e8b465ee728b)
Start importing Assets/FightingLvl/Player using Guid(24e75c718f71af740bcaaf4edc3d71f3) Importer(815301076,1909f56bfc062723c751e8b465ee728b)  -> (artifact id: '0e1e9345aecf7176d442f1648f79d465') in 0.044254 seconds 
  Import took 0.091758 seconds .

========================================================================
Received Prepare
Refreshing native plugins compatible for Editor in 910.48 ms, found 3 plugins.
Preloading 0 native plugins for Editor in 0.00 ms.
Unloading 15 Unused Serialized files (Serialized files now loaded: 0)
System memory in use before: 52.2 MB.
System memory in use after: 52.3 MB.

Unloading 15 unused Assets to reduce memory usage. Loaded Objects now: 2626.
Total: 314.089537 ms (FindLiveObjects: 2.300862 ms CreateObjectMapping: 0.572184 ms MarkObjects: 311.058872 ms  DeleteObjects: 0.153888 ms)

AssetImportParameters requested are different than current active one (requested -> active):
  custom:framework-win-MediaFoundation: 216162199b28c13a410421893ffa2e32 -> 
  custom:video-decoder-ogg-theora: a1e56fd34408186e4bbccfd4996cb3dc -> 
  custom:container-muxer-webm: aa71ff27fc2769a1b78a27578f13a17b -> 
  custom:container-demuxer-webm: 4f35f7cbe854078d1ac9338744f61a02 -> 
  custom:container-demuxer-ogg: 62fdf1f143b41e24485cea50d1cbac27 -> 
  custom:video-encoder-webm-vp8: eb34c28f22e8b96e1ab97ce403110664 -> 
  custom:video-codec-MediaFoundation-h265: 55f8c8538cf0483ab7069ead6b737db2 -> 
  custom:video-decoder-webm-vp8: 9c59270c3fd7afecdb556c50c9e8de78 -> 
  custom:audio-decoder-ogg-vorbis: bf7c407c2cedff20999df2af8eb42d56 -> 
  custom:audio-encoder-webm-vorbis: bf7c407c2cedff20999df2af8eb42d56 -> 
========================================================================
Received Import Request.
  Time since last request: 1084.632286 seconds.
  path: Assets/FightingLvl/Enemy/AnimationEnemy/FrontAttack.anim
  artifactKey: Guid(8053b965e159c6b47bb45a67fba279ce) Importer(815301076,1909f56bfc062723c751e8b465ee728b)
Start importing Assets/FightingLvl/Enemy/AnimationEnemy/FrontAttack.anim using Guid(8053b965e159c6b47bb45a67fba279ce) Importer(815301076,1909f56bfc062723c751e8b465ee728b)  -> (artifact id: '8fdf2dde8c703761dea2a37bb2286ef9') in 1.560635 seconds 
  Import took 1.709332 seconds .

========================================================================
Received Import Request.
  Time since last request: 80.329590 seconds.
  path: Assets/FightingLvl/Enemy/AnimationEnemy/Action3.anim
  artifactKey: Guid(3da2f028dc7ec53439e83cec11f9975e) Importer(815301076,1909f56bfc062723c751e8b465ee728b)
Start importing Assets/FightingLvl/Enemy/AnimationEnemy/Action3.anim using Guid(3da2f028dc7ec53439e83cec11f9975e) Importer(815301076,1909f56bfc062723c751e8b465ee728b)  -> (artifact id: '307facae3bbe5d80a2971d2e98efa862') in 0.072701 seconds 
  Import took 0.096690 seconds .

========================================================================
Received Import Request.
  Time since last request: 48.655670 seconds.
  path: Assets/FightingLvl/Enemy/AnimationEnemy/LeftAttack.anim
  artifactKey: Guid(03b113ead11f0b24b9519aac5563de5e) Importer(815301076,1909f56bfc062723c751e8b465ee728b)
Start importing Assets/FightingLvl/Enemy/AnimationEnemy/LeftAttack.anim using Guid(03b113ead11f0b24b9519aac5563de5e) Importer(815301076,1909f56bfc062723c751e8b465ee728b)  -> (artifact id: '082b11f7316a44770bb507e6952fcd21') in 0.044080 seconds 
  Import took 0.061054 seconds .

========================================================================
Received Import Request.
  Time since last request: 1.203779 seconds.
  path: Assets/FightingLvl/Enemy/AnimationEnemy/Wait.anim
  artifactKey: Guid(3da2f028dc7ec53439e83cec11f9975e) Importer(815301076,1909f56bfc062723c751e8b465ee728b)
Start importing Assets/FightingLvl/Enemy/AnimationEnemy/Wait.anim using Guid(3da2f028dc7ec53439e83cec11f9975e) Importer(815301076,1909f56bfc062723c751e8b465ee728b)  -> (artifact id: '6dee70112b4bfca53fc395dc5b2099a8') in 0.042889 seconds 
  Import took 0.058686 seconds .

