Using pre-set license
Built from '2020.3/staging' branch; Version is '2020.3.21f1 (a38c86f6690f) revision 10718342'; Using compiler version '192528614'; Build Type 'Release'
OS: 'Windows 10 Enterprise 2016 LTSB; OS build 14393.2430; Version 1607; 64bit' Language: 'ru' Physical Memory: 3981 MB
BatchMode: 1, IsHumanControllingUs: 0, StartBugReporterOnCrash: 0, Is64bit: 1, IsPro: 0

COMMAND LINE ARGUMENTS:
C:\Program Files\Unity Editors\2020.3.21f1\Editor\Unity.exe
-adb2
-batchMode
-noUpm
-name
AssetImportWorker3
-projectPath
D:/gitextens/StudentGame/StudentGame
-logFile
Logs/AssetImportWorker3.log
-srvPort
52865
Successfully changed project path to: D:/gitextens/StudentGame/StudentGame
D:/gitextens/StudentGame/StudentGame
Using Asset Import Pipeline V2.
Refreshing native plugins compatible for Editor in 216.30 ms, found 3 plugins.
Preloading 0 native plugins for Editor in 0.00 ms.
Initialize engine version: 2020.3.21f1 (a38c86f6690f)
[Subsystems] Discovering subsystems at path C:/Program Files/Unity Editors/2020.3.21f1/Editor/Data/Resources/UnitySubsystems
[Subsystems] Discovering subsystems at path D:/gitextens/StudentGame/StudentGame/Assets
GfxDevice: creating device client; threaded=0
Direct3D:
    Version:  Direct3D 11.0 [level 11.1]
    Renderer: AMD Radeon(TM) R3 Graphics (ID=0x98e4)
    Vendor:   
    VRAM:     1990 MB
    Driver:   23.20.808.3840
Initialize mono
Mono path[0] = 'C:/Program Files/Unity Editors/2020.3.21f1/Editor/Data/Managed'
Mono path[1] = 'C:/Program Files/Unity Editors/2020.3.21f1/Editor/Data/MonoBleedingEdge/lib/mono/unityjit'
Mono config path = 'C:/Program Files/Unity Editors/2020.3.21f1/Editor/Data/MonoBleedingEdge/etc'
Using monoOptions --debugger-agent=transport=dt_socket,embedding=1,server=y,suspend=n,address=127.0.0.1:56016
Begin MonoManager ReloadAssembly
Registering precompiled unity dll's ...
Register platform support module: C:/Program Files/Unity Editors/2020.3.21f1/Editor/Data/PlaybackEngines/WindowsStandaloneSupport/UnityEditor.WindowsStandalone.Extensions.dll
Registered in 0.005222 seconds.
Native extension for WindowsStandalone target not found
Refreshing native plugins compatible for Editor in 169.17 ms, found 3 plugins.
Preloading 0 native plugins for Editor in 0.00 ms.
Mono: successfully reloaded assembly
- Completed reload, in  4.741 seconds
Domain Reload Profiling:
	ReloadAssembly (4742ms)
		BeginReloadAssembly (217ms)
			ExecutionOrderSort (0ms)
			DisableScriptedObjects (0ms)
			BackupInstance (0ms)
			ReleaseScriptingObjects (0ms)
			CreateAndSetChildDomain (4ms)
		EndReloadAssembly (1949ms)
			LoadAssemblies (207ms)
			RebuildTransferFunctionScriptingTraits (0ms)
			SetupTypeCache (656ms)
			ReleaseScriptCaches (0ms)
			RebuildScriptCaches (140ms)
			SetupLoadedEditorAssemblies (754ms)
				LogAssemblyErrors (0ms)
				InitializePlatformSupportModulesInManaged (14ms)
				SetLoadedEditorAssemblies (1ms)
				RefreshPlugins (169ms)
				BeforeProcessingInitializeOnLoad (64ms)
				ProcessInitializeOnLoadAttributes (379ms)
				ProcessInitializeOnLoadMethodAttributes (125ms)
				AfterProcessingInitializeOnLoad (0ms)
				EditorAssembliesLoaded (1ms)
			ExecutionOrderSort2 (0ms)
			AwakeInstancesAfterBackupRestoration (0ms)
Platform modules already initialized, skipping
Registering precompiled user dll's ...
Registered in 0.013262 seconds.
Begin MonoManager ReloadAssembly
Native extension for WindowsStandalone target not found
Refreshing native plugins compatible for Editor in 174.13 ms, found 3 plugins.
Preloading 0 native plugins for Editor in 0.00 ms.
Mono: successfully reloaded assembly
- Completed reload, in  5.166 seconds
Domain Reload Profiling:
	ReloadAssembly (5169ms)
		BeginReloadAssembly (473ms)
			ExecutionOrderSort (0ms)
			DisableScriptedObjects (15ms)
			BackupInstance (0ms)
			ReleaseScriptingObjects (0ms)
			CreateAndSetChildDomain (53ms)
		EndReloadAssembly (4475ms)
			LoadAssemblies (342ms)
			RebuildTransferFunctionScriptingTraits (0ms)
			SetupTypeCache (1301ms)
			ReleaseScriptCaches (1ms)
			RebuildScriptCaches (234ms)
			SetupLoadedEditorAssemblies (1985ms)
				LogAssemblyErrors (0ms)
				InitializePlatformSupportModulesInManaged (20ms)
				SetLoadedEditorAssemblies (1ms)
				RefreshPlugins (174ms)
				BeforeProcessingInitializeOnLoad (336ms)
				ProcessInitializeOnLoadAttributes (1246ms)
				ProcessInitializeOnLoadMethodAttributes (188ms)
				AfterProcessingInitializeOnLoad (19ms)
				EditorAssembliesLoaded (0ms)
			ExecutionOrderSort2 (0ms)
			AwakeInstancesAfterBackupRestoration (32ms)
Platform modules already initialized, skipping
========================================================================
Worker process is ready to serve import requests
Launched and connected shader compiler UnityShaderCompiler.exe after 0.32 seconds
Refreshing native plugins compatible for Editor in 1.36 ms, found 3 plugins.
Preloading 0 native plugins for Editor in 0.00 ms.
Unloading 2203 Unused Serialized files (Serialized files now loaded: 0)
System memory in use before: 96.2 MB.
System memory in use after: 96.3 MB.

Unloading 28 unused Assets to reduce memory usage. Loaded Objects now: 2639.
Total: 13.223653 ms (FindLiveObjects: 2.267751 ms CreateObjectMapping: 0.360005 ms MarkObjects: 10.373458 ms  DeleteObjects: 0.217775 ms)

AssetImportParameters requested are different than current active one (requested -> active):
  custom:framework-win-MediaFoundation: 216162199b28c13a410421893ffa2e32 -> 
  custom:video-decoder-ogg-theora: a1e56fd34408186e4bbccfd4996cb3dc -> 
  custom:container-muxer-webm: aa71ff27fc2769a1b78a27578f13a17b -> 
  custom:container-demuxer-webm: 4f35f7cbe854078d1ac9338744f61a02 -> 
  custom:container-demuxer-ogg: 62fdf1f143b41e24485cea50d1cbac27 -> 
  custom:video-encoder-webm-vp8: eb34c28f22e8b96e1ab97ce403110664 -> 
  custom:video-codec-MediaFoundation-h265: 55f8c8538cf0483ab7069ead6b737db2 -> 
  custom:video-decoder-webm-vp8: 9c59270c3fd7afecdb556c50c9e8de78 -> 
  custom:audio-decoder-ogg-vorbis: bf7c407c2cedff20999df2af8eb42d56 -> 
  custom:audio-encoder-webm-vorbis: bf7c407c2cedff20999df2af8eb42d56 -> 
========================================================================
Received Import Request.
  path: Assets/FightingLvl/Enemy/SpritesEnemy/enemyAttack.png
  artifactKey: Guid(d7d654e0e109eca4a85086d746904e86) Importer(815301076,1909f56bfc062723c751e8b465ee728b)
Start importing Assets/FightingLvl/Enemy/SpritesEnemy/enemyAttack.png using Guid(d7d654e0e109eca4a85086d746904e86) Importer(815301076,1909f56bfc062723c751e8b465ee728b)  -> (artifact id: 'cb480841a399387ffef45a486992ff28') in 1.490794 seconds 
  Import took 1.603755 seconds .

========================================================================
Received Prepare
Registering precompiled user dll's ...
Registered in 0.079176 seconds.
Begin MonoManager ReloadAssembly
Native extension for WindowsStandalone target not found
Refreshing native plugins compatible for Editor in 1.87 ms, found 3 plugins.
Preloading 0 native plugins for Editor in 0.00 ms.
Mono: successfully reloaded assembly
- Completed reload, in  3.590 seconds
Domain Reload Profiling:
	ReloadAssembly (3599ms)
		BeginReloadAssembly (657ms)
			ExecutionOrderSort (0ms)
			DisableScriptedObjects (68ms)
			BackupInstance (0ms)
			ReleaseScriptingObjects (2ms)
			CreateAndSetChildDomain (315ms)
		EndReloadAssembly (2748ms)
			LoadAssemblies (337ms)
			RebuildTransferFunctionScriptingTraits (0ms)
			SetupTypeCache (1009ms)
			ReleaseScriptCaches (3ms)
			RebuildScriptCaches (129ms)
			SetupLoadedEditorAssemblies (1013ms)
				LogAssemblyErrors (0ms)
				InitializePlatformSupportModulesInManaged (23ms)
				SetLoadedEditorAssemblies (2ms)
				RefreshPlugins (2ms)
				BeforeProcessingInitializeOnLoad (265ms)
				ProcessInitializeOnLoadAttributes (673ms)
				ProcessInitializeOnLoadMethodAttributes (34ms)
				AfterProcessingInitializeOnLoad (13ms)
				EditorAssembliesLoaded (0ms)
			ExecutionOrderSort2 (0ms)
			AwakeInstancesAfterBackupRestoration (26ms)
Platform modules already initialized, skipping
Refreshing native plugins compatible for Editor in 2.08 ms, found 3 plugins.
Preloading 0 native plugins for Editor in 0.00 ms.
Unloading 2192 Unused Serialized files (Serialized files now loaded: 0)
System memory in use before: 98.5 MB.
System memory in use after: 98.7 MB.

Unloading 17 unused Assets to reduce memory usage. Loaded Objects now: 2648.
Total: 103.832980 ms (FindLiveObjects: 0.665450 ms CreateObjectMapping: 0.211713 ms MarkObjects: 102.759960 ms  DeleteObjects: 0.192127 ms)

AssetImportParameters requested are different than current active one (requested -> active):
  custom:framework-win-MediaFoundation: 216162199b28c13a410421893ffa2e32 -> 
  custom:video-decoder-ogg-theora: a1e56fd34408186e4bbccfd4996cb3dc -> 
  custom:container-muxer-webm: aa71ff27fc2769a1b78a27578f13a17b -> 
  custom:container-demuxer-webm: 4f35f7cbe854078d1ac9338744f61a02 -> 
  custom:container-demuxer-ogg: 62fdf1f143b41e24485cea50d1cbac27 -> 
  custom:video-encoder-webm-vp8: eb34c28f22e8b96e1ab97ce403110664 -> 
  custom:video-codec-MediaFoundation-h265: 55f8c8538cf0483ab7069ead6b737db2 -> 
  custom:video-decoder-webm-vp8: 9c59270c3fd7afecdb556c50c9e8de78 -> 
  custom:audio-decoder-ogg-vorbis: bf7c407c2cedff20999df2af8eb42d56 -> 
  custom:audio-encoder-webm-vorbis: bf7c407c2cedff20999df2af8eb42d56 -> 
========================================================================
Received Import Request.
  Time since last request: 16978.538115 seconds.
  path: Assets/FightingLvl/Player/AnimationPlayer/Die.anim
  artifactKey: Guid(0606ead58e2678747a205a204359922c) Importer(815301076,1909f56bfc062723c751e8b465ee728b)
Start importing Assets/FightingLvl/Player/AnimationPlayer/Die.anim using Guid(0606ead58e2678747a205a204359922c) Importer(815301076,1909f56bfc062723c751e8b465ee728b)  -> (artifact id: 'ee9e6364f975e074e7ce06a059096eb2') in 0.767345 seconds 
  Import took 0.782334 seconds .

========================================================================
Received Import Request.
  Time since last request: 0.000494 seconds.
  path: Assets/FightingLvl/Player/AnimationPlayer/Player.controller
  artifactKey: Guid(dac6c133ee2f8924d89b3cd995010702) Importer(815301076,1909f56bfc062723c751e8b465ee728b)
Start importing Assets/FightingLvl/Player/AnimationPlayer/Player.controller using Guid(dac6c133ee2f8924d89b3cd995010702) Importer(815301076,1909f56bfc062723c751e8b465ee728b)  -> (artifact id: '0429373364c748add532c5d787a41b35') in 0.701376 seconds 
  Import took 0.725542 seconds .

========================================================================
Received Import Request.
  Time since last request: 17021.923248 seconds.
  path: Assets/FightingLvl/Player/SpritesPlayer/PlayerAttack.png
  artifactKey: Guid(1d149b926504fb345b2ea52129af7956) Importer(815301076,1909f56bfc062723c751e8b465ee728b)
Start importing Assets/FightingLvl/Player/SpritesPlayer/PlayerAttack.png using Guid(1d149b926504fb345b2ea52129af7956) Importer(815301076,1909f56bfc062723c751e8b465ee728b)  -> (artifact id: '7680f57a853df8a8adb07d8971dd157d') in 22.552248 seconds 
  Import took 34.489339 seconds .

========================================================================
Received Import Request.
  Time since last request: 0.015213 seconds.
  path: Assets/FightingLvl/Player/SpritesPlayer/PlayerBlock.png
  artifactKey: Guid(71339ec138476b440b2cdcbc5b0d4712) Importer(815301076,1909f56bfc062723c751e8b465ee728b)
Start importing Assets/FightingLvl/Player/SpritesPlayer/PlayerBlock.png using Guid(71339ec138476b440b2cdcbc5b0d4712) Importer(815301076,1909f56bfc062723c751e8b465ee728b)  -> (artifact id: '494a6268d463654d84a92e407830f038') in 1.984531 seconds 
  Import took 2.032193 seconds .

========================================================================
Received Import Request.
  Time since last request: 19.637008 seconds.
  path: Assets/FightingLvl/Player/SpritesPlayer
  artifactKey: Guid(8793125f7f8dc6c4fb03ceeb6f052d1b) Importer(815301076,1909f56bfc062723c751e8b465ee728b)
Start importing Assets/FightingLvl/Player/SpritesPlayer using Guid(8793125f7f8dc6c4fb03ceeb6f052d1b) Importer(815301076,1909f56bfc062723c751e8b465ee728b)  -> (artifact id: 'dbfc7dfe0e4e67a20d2f13fc3dbdc2cf') in 0.127147 seconds 
  Import took 0.305357 seconds .

========================================================================
Received Import Request.
  Time since last request: 26.151325 seconds.
  path: Assets/FightingLvl/Player/SpritesPlayer/Download25752.png
  artifactKey: Guid(7569133619af71b43a6e8d364c25666f) Importer(815301076,1909f56bfc062723c751e8b465ee728b)
Start importing Assets/FightingLvl/Player/SpritesPlayer/Download25752.png using Guid(7569133619af71b43a6e8d364c25666f) Importer(815301076,1909f56bfc062723c751e8b465ee728b)  -> (artifact id: '00a5a4080aa605277c2f8f8688ba2fe2') in 0.289079 seconds 
  Import took 0.605934 seconds .

========================================================================
Received Import Request.
  Time since last request: 78.059980 seconds.
  path: Assets/FightingLvl/Player/SpritesPlayer/player.png
  artifactKey: Guid(7569133619af71b43a6e8d364c25666f) Importer(815301076,1909f56bfc062723c751e8b465ee728b)
Start importing Assets/FightingLvl/Player/SpritesPlayer/player.png using Guid(7569133619af71b43a6e8d364c25666f) Importer(815301076,1909f56bfc062723c751e8b465ee728b)  -> (artifact id: '8fb50622f6eeb60e1eeaab2ead052236') in 0.100376 seconds 
  Import took 0.184837 seconds .

========================================================================
Received Import Request.
  Time since last request: 17.533845 seconds.
  path: Assets/FightingLvl/Player/SpritesPlayer/Player.png
  artifactKey: Guid(7569133619af71b43a6e8d364c25666f) Importer(815301076,1909f56bfc062723c751e8b465ee728b)
Start importing Assets/FightingLvl/Player/SpritesPlayer/Player.png using Guid(7569133619af71b43a6e8d364c25666f) Importer(815301076,1909f56bfc062723c751e8b465ee728b)  -> (artifact id: 'de9051e9a661efe06ec89cd885b8d826') in 0.129370 seconds 
  Import took 0.148267 seconds .

========================================================================
Received Import Request.
  Time since last request: 27.107276 seconds.
  path: Assets/FightingLvl/Player/SpritesPlayer/Player.png
  artifactKey: Guid(7569133619af71b43a6e8d364c25666f) Importer(815301076,1909f56bfc062723c751e8b465ee728b)
Start importing Assets/FightingLvl/Player/SpritesPlayer/Player.png using Guid(7569133619af71b43a6e8d364c25666f) Importer(815301076,1909f56bfc062723c751e8b465ee728b)  -> (artifact id: '7671a3a2bf756f8f6fb8ed905b9df8c4') in 0.129433 seconds 
  Import took 0.140486 seconds .

========================================================================
Received Import Request.
  Time since last request: 186.602607 seconds.
  path: Assets/FightingLvl/Player/SpritesPlayer/Player.png
  artifactKey: Guid(7569133619af71b43a6e8d364c25666f) Importer(815301076,1909f56bfc062723c751e8b465ee728b)
Start importing Assets/FightingLvl/Player/SpritesPlayer/Player.png using Guid(7569133619af71b43a6e8d364c25666f) Importer(815301076,1909f56bfc062723c751e8b465ee728b)  -> (artifact id: '0095d7cc5a63799f8f90d3a9066f465a') in 1.770403 seconds 
  Import took 1.782630 seconds .

========================================================================
Received Import Request.
  Time since last request: 539.294077 seconds.
  path: Assets/FightingLvl/Player/AnimationPlayer/Attack.anim
  artifactKey: Guid(3461fd8fba5d2e64baf7965d52d96050) Importer(815301076,1909f56bfc062723c751e8b465ee728b)
Start importing Assets/FightingLvl/Player/AnimationPlayer/Attack.anim using Guid(3461fd8fba5d2e64baf7965d52d96050) Importer(815301076,1909f56bfc062723c751e8b465ee728b)  -> (artifact id: '982a473e35269204cebc2f718a4e82f9') in 0.170637 seconds 
  Import took 0.226325 seconds .

========================================================================
Received Import Request.
  Time since last request: 457.101672 seconds.
  path: Assets/FightingLvl/Player/AnimationPlayer/idle.anim
  artifactKey: Guid(0a08791e4c49f76438f7521e70b6925c) Importer(815301076,1909f56bfc062723c751e8b465ee728b)
Start importing Assets/FightingLvl/Player/AnimationPlayer/idle.anim using Guid(0a08791e4c49f76438f7521e70b6925c) Importer(815301076,1909f56bfc062723c751e8b465ee728b)  -> (artifact id: '74cdb0d97260160f37854d298cf17b4d') in 1.813783 seconds 
  Import took 2.841714 seconds .

========================================================================
Received Prepare
Registering precompiled user dll's ...
Registered in 0.189786 seconds.
Begin MonoManager ReloadAssembly
Native extension for WindowsStandalone target not found
Refreshing native plugins compatible for Editor in 1.85 ms, found 3 plugins.
Preloading 0 native plugins for Editor in 0.00 ms.
Mono: successfully reloaded assembly
- Completed reload, in 10.780 seconds
Domain Reload Profiling:
	ReloadAssembly (10790ms)
		BeginReloadAssembly (3247ms)
			ExecutionOrderSort (0ms)
			DisableScriptedObjects (320ms)
			BackupInstance (0ms)
			ReleaseScriptingObjects (0ms)
			CreateAndSetChildDomain (1813ms)
		EndReloadAssembly (7187ms)
			LoadAssemblies (2778ms)
			RebuildTransferFunctionScriptingTraits (0ms)
			SetupTypeCache (1723ms)
			ReleaseScriptCaches (6ms)
			RebuildScriptCaches (292ms)
			SetupLoadedEditorAssemblies (1972ms)
				LogAssemblyErrors (0ms)
				InitializePlatformSupportModulesInManaged (26ms)
				SetLoadedEditorAssemblies (34ms)
				RefreshPlugins (2ms)
				BeforeProcessingInitializeOnLoad (459ms)
				ProcessInitializeOnLoadAttributes (1291ms)
				ProcessInitializeOnLoadMethodAttributes (135ms)
				AfterProcessingInitializeOnLoad (23ms)
				EditorAssembliesLoaded (1ms)
			ExecutionOrderSort2 (0ms)
			AwakeInstancesAfterBackupRestoration (36ms)
Platform modules already initialized, skipping
Refreshing native plugins compatible for Editor in 1.15 ms, found 3 plugins.
Preloading 0 native plugins for Editor in 0.00 ms.
Unloading 2192 Unused Serialized files (Serialized files now loaded: 0)
System memory in use before: 98.7 MB.
System memory in use after: 98.8 MB.

Unloading 17 unused Assets to reduce memory usage. Loaded Objects now: 2653.
Total: 10.104387 ms (FindLiveObjects: 0.663118 ms CreateObjectMapping: 0.344150 ms MarkObjects: 9.002922 ms  DeleteObjects: 0.090001 ms)

AssetImportParameters requested are different than current active one (requested -> active):
  custom:framework-win-MediaFoundation: 216162199b28c13a410421893ffa2e32 -> 
  custom:video-decoder-ogg-theora: a1e56fd34408186e4bbccfd4996cb3dc -> 
  custom:container-muxer-webm: aa71ff27fc2769a1b78a27578f13a17b -> 
  custom:container-demuxer-webm: 4f35f7cbe854078d1ac9338744f61a02 -> 
  custom:container-demuxer-ogg: 62fdf1f143b41e24485cea50d1cbac27 -> 
  custom:video-encoder-webm-vp8: eb34c28f22e8b96e1ab97ce403110664 -> 
  custom:video-codec-MediaFoundation-h265: 55f8c8538cf0483ab7069ead6b737db2 -> 
  custom:video-decoder-webm-vp8: 9c59270c3fd7afecdb556c50c9e8de78 -> 
  custom:audio-decoder-ogg-vorbis: bf7c407c2cedff20999df2af8eb42d56 -> 
  custom:audio-encoder-webm-vorbis: bf7c407c2cedff20999df2af8eb42d56 -> 
========================================================================
Received Import Request.
  Time since last request: 421.778203 seconds.
  path: Assets/FightingLvl/Player/SpritesPlayer/thrust.png
  artifactKey: Guid(530bb00004149904089dae29939c2b64) Importer(815301076,1909f56bfc062723c751e8b465ee728b)
Start importing Assets/FightingLvl/Player/SpritesPlayer/thrust.png using Guid(530bb00004149904089dae29939c2b64) Importer(815301076,1909f56bfc062723c751e8b465ee728b)  -> (artifact id: 'cfb83cae447c6c190e44b8447175125b') in 0.291040 seconds 
  Import took 0.355266 seconds .

========================================================================
Received Import Request.
  Time since last request: 8.111201 seconds.
  path: Assets/FightingLvl/Player/SpritesPlayer/thrust.png
  artifactKey: Guid(530bb00004149904089dae29939c2b64) Importer(815301076,1909f56bfc062723c751e8b465ee728b)
Start importing Assets/FightingLvl/Player/SpritesPlayer/thrust.png using Guid(530bb00004149904089dae29939c2b64) Importer(815301076,1909f56bfc062723c751e8b465ee728b)  -> (artifact id: '5a1fd4c1872db17a971da6fa5c32d8c5') in 0.156339 seconds 
  Import took 0.306675 seconds .

========================================================================
Received Import Request.
  Time since last request: 11.839810 seconds.
  path: Assets/FightingLvl/Player/SpritesPlayer/thrust.png
  artifactKey: Guid(530bb00004149904089dae29939c2b64) Importer(815301076,1909f56bfc062723c751e8b465ee728b)
Start importing Assets/FightingLvl/Player/SpritesPlayer/thrust.png using Guid(530bb00004149904089dae29939c2b64) Importer(815301076,1909f56bfc062723c751e8b465ee728b)  -> (artifact id: 'febd3890c24d34fc14324057fadc93e9') in 0.351111 seconds 
  Import took 0.422907 seconds .

========================================================================
Received Import Request.
  Time since last request: 10.531893 seconds.
  path: Assets/FightingLvl/Player/AnimationPlayer/Attack.anim
  artifactKey: Guid(3461fd8fba5d2e64baf7965d52d96050) Importer(815301076,1909f56bfc062723c751e8b465ee728b)
Start importing Assets/FightingLvl/Player/AnimationPlayer/Attack.anim using Guid(3461fd8fba5d2e64baf7965d52d96050) Importer(815301076,1909f56bfc062723c751e8b465ee728b)  -> (artifact id: '08e78174595cffefc3a0cf8de73c5a13') in 0.017435 seconds 
  Import took 0.083662 seconds .

========================================================================
Received Import Request.
  Time since last request: 947.797406 seconds.
  path: Assets/FightingLvl/Player/AnimationPlayer/Thrust.anim
  artifactKey: Guid(6ef808904efe7604b8776735308997b2) Importer(815301076,1909f56bfc062723c751e8b465ee728b)
Start importing Assets/FightingLvl/Player/AnimationPlayer/Thrust.anim using Guid(6ef808904efe7604b8776735308997b2) Importer(815301076,1909f56bfc062723c751e8b465ee728b)  -> (artifact id: '2863c4b39d4fe863940e62e009cb32f7') in 0.019530 seconds 
  Import took 0.117731 seconds .

========================================================================
Received Prepare
Registering precompiled user dll's ...
Registered in 0.036905 seconds.
Begin MonoManager ReloadAssembly
Native extension for WindowsStandalone target not found
Refreshing native plugins compatible for Editor in 1.24 ms, found 3 plugins.
Preloading 0 native plugins for Editor in 0.00 ms.
Mono: successfully reloaded assembly
- Completed reload, in  4.028 seconds
Domain Reload Profiling:
	ReloadAssembly (4033ms)
		BeginReloadAssembly (698ms)
			ExecutionOrderSort (0ms)
			DisableScriptedObjects (38ms)
			BackupInstance (0ms)
			ReleaseScriptingObjects (0ms)
			CreateAndSetChildDomain (390ms)
		EndReloadAssembly (3125ms)
			LoadAssemblies (397ms)
			RebuildTransferFunctionScriptingTraits (0ms)
			SetupTypeCache (1172ms)
			ReleaseScriptCaches (3ms)
			RebuildScriptCaches (206ms)
			SetupLoadedEditorAssemblies (1078ms)
				LogAssemblyErrors (0ms)
				InitializePlatformSupportModulesInManaged (18ms)
				SetLoadedEditorAssemblies (2ms)
				RefreshPlugins (1ms)
				BeforeProcessingInitializeOnLoad (237ms)
				ProcessInitializeOnLoadAttributes (748ms)
				ProcessInitializeOnLoadMethodAttributes (51ms)
				AfterProcessingInitializeOnLoad (18ms)
				EditorAssembliesLoaded (1ms)
			ExecutionOrderSort2 (0ms)
			AwakeInstancesAfterBackupRestoration (49ms)
Platform modules already initialized, skipping
Refreshing native plugins compatible for Editor in 1.51 ms, found 3 plugins.
Preloading 0 native plugins for Editor in 0.00 ms.
Unloading 2192 Unused Serialized files (Serialized files now loaded: 0)
System memory in use before: 98.7 MB.
System memory in use after: 98.9 MB.

Unloading 17 unused Assets to reduce memory usage. Loaded Objects now: 2658.
Total: 28.141941 ms (FindLiveObjects: 0.908406 ms CreateObjectMapping: 0.893484 ms MarkObjects: 26.283625 ms  DeleteObjects: 0.052229 ms)

AssetImportParameters requested are different than current active one (requested -> active):
  custom:framework-win-MediaFoundation: 216162199b28c13a410421893ffa2e32 -> 
  custom:video-decoder-ogg-theora: a1e56fd34408186e4bbccfd4996cb3dc -> 
  custom:container-muxer-webm: aa71ff27fc2769a1b78a27578f13a17b -> 
  custom:container-demuxer-webm: 4f35f7cbe854078d1ac9338744f61a02 -> 
  custom:container-demuxer-ogg: 62fdf1f143b41e24485cea50d1cbac27 -> 
  custom:video-encoder-webm-vp8: eb34c28f22e8b96e1ab97ce403110664 -> 
  custom:video-codec-MediaFoundation-h265: 55f8c8538cf0483ab7069ead6b737db2 -> 
  custom:video-decoder-webm-vp8: 9c59270c3fd7afecdb556c50c9e8de78 -> 
  custom:audio-decoder-ogg-vorbis: bf7c407c2cedff20999df2af8eb42d56 -> 
  custom:audio-encoder-webm-vorbis: bf7c407c2cedff20999df2af8eb42d56 -> 
========================================================================
Received Prepare
Registering precompiled user dll's ...
Registered in 0.016455 seconds.
Begin MonoManager ReloadAssembly
Native extension for WindowsStandalone target not found
Refreshing native plugins compatible for Editor in 1.58 ms, found 3 plugins.
Preloading 0 native plugins for Editor in 0.00 ms.
Mono: successfully reloaded assembly
- Completed reload, in  3.806 seconds
Domain Reload Profiling:
	ReloadAssembly (3809ms)
		BeginReloadAssembly (353ms)
			ExecutionOrderSort (0ms)
			DisableScriptedObjects (59ms)
			BackupInstance (0ms)
			ReleaseScriptingObjects (0ms)
			CreateAndSetChildDomain (103ms)
		EndReloadAssembly (3265ms)
			LoadAssemblies (300ms)
			RebuildTransferFunctionScriptingTraits (0ms)
			SetupTypeCache (1084ms)
			ReleaseScriptCaches (2ms)
			RebuildScriptCaches (127ms)
			SetupLoadedEditorAssemblies (1104ms)
				LogAssemblyErrors (0ms)
				InitializePlatformSupportModulesInManaged (13ms)
				SetLoadedEditorAssemblies (2ms)
				RefreshPlugins (2ms)
				BeforeProcessingInitializeOnLoad (310ms)
				ProcessInitializeOnLoadAttributes (692ms)
				ProcessInitializeOnLoadMethodAttributes (54ms)
				AfterProcessingInitializeOnLoad (30ms)
				EditorAssembliesLoaded (0ms)
			ExecutionOrderSort2 (0ms)
			AwakeInstancesAfterBackupRestoration (36ms)
Platform modules already initialized, skipping
Refreshing native plugins compatible for Editor in 1.42 ms, found 3 plugins.
Preloading 0 native plugins for Editor in 0.06 ms.
Unloading 2192 Unused Serialized files (Serialized files now loaded: 0)
System memory in use before: 98.8 MB.
System memory in use after: 98.9 MB.

Unloading 17 unused Assets to reduce memory usage. Loaded Objects now: 2660.
Total: 9.136291 ms (FindLiveObjects: 0.524619 ms CreateObjectMapping: 0.162282 ms MarkObjects: 8.394364 ms  DeleteObjects: 0.051296 ms)

AssetImportParameters requested are different than current active one (requested -> active):
  custom:framework-win-MediaFoundation: 216162199b28c13a410421893ffa2e32 -> 
  custom:video-decoder-ogg-theora: a1e56fd34408186e4bbccfd4996cb3dc -> 
  custom:container-muxer-webm: aa71ff27fc2769a1b78a27578f13a17b -> 
  custom:container-demuxer-webm: 4f35f7cbe854078d1ac9338744f61a02 -> 
  custom:container-demuxer-ogg: 62fdf1f143b41e24485cea50d1cbac27 -> 
  custom:video-encoder-webm-vp8: eb34c28f22e8b96e1ab97ce403110664 -> 
  custom:video-codec-MediaFoundation-h265: 55f8c8538cf0483ab7069ead6b737db2 -> 
  custom:video-decoder-webm-vp8: 9c59270c3fd7afecdb556c50c9e8de78 -> 
  custom:audio-decoder-ogg-vorbis: bf7c407c2cedff20999df2af8eb42d56 -> 
  custom:audio-encoder-webm-vorbis: bf7c407c2cedff20999df2af8eb42d56 -> 
========================================================================
Received Prepare
Registering precompiled user dll's ...
Registered in 0.020744 seconds.
Begin MonoManager ReloadAssembly
Native extension for WindowsStandalone target not found
Refreshing native plugins compatible for Editor in 1.57 ms, found 3 plugins.
Preloading 0 native plugins for Editor in 0.00 ms.
Mono: successfully reloaded assembly
- Completed reload, in  3.403 seconds
Domain Reload Profiling:
	ReloadAssembly (3406ms)
		BeginReloadAssembly (439ms)
			ExecutionOrderSort (0ms)
			DisableScriptedObjects (29ms)
			BackupInstance (0ms)
			ReleaseScriptingObjects (0ms)
			CreateAndSetChildDomain (126ms)
		EndReloadAssembly (2748ms)
			LoadAssemblies (356ms)
			RebuildTransferFunctionScriptingTraits (0ms)
			SetupTypeCache (994ms)
			ReleaseScriptCaches (3ms)
			RebuildScriptCaches (142ms)
			SetupLoadedEditorAssemblies (1005ms)
				LogAssemblyErrors (0ms)
				InitializePlatformSupportModulesInManaged (18ms)
				SetLoadedEditorAssemblies (1ms)
				RefreshPlugins (2ms)
				BeforeProcessingInitializeOnLoad (234ms)
				ProcessInitializeOnLoadAttributes (700ms)
				ProcessInitializeOnLoadMethodAttributes (35ms)
				AfterProcessingInitializeOnLoad (15ms)
				EditorAssembliesLoaded (0ms)
			ExecutionOrderSort2 (0ms)
			AwakeInstancesAfterBackupRestoration (32ms)
Platform modules already initialized, skipping
Refreshing native plugins compatible for Editor in 1.24 ms, found 3 plugins.
Preloading 0 native plugins for Editor in 0.00 ms.
Unloading 2192 Unused Serialized files (Serialized files now loaded: 0)
System memory in use before: 98.8 MB.
System memory in use after: 98.9 MB.

Unloading 17 unused Assets to reduce memory usage. Loaded Objects now: 2662.
Total: 8.926910 ms (FindLiveObjects: 0.560060 ms CreateObjectMapping: 0.212179 ms MarkObjects: 8.104308 ms  DeleteObjects: 0.048032 ms)

AssetImportParameters requested are different than current active one (requested -> active):
  custom:framework-win-MediaFoundation: 216162199b28c13a410421893ffa2e32 -> 
  custom:video-decoder-ogg-theora: a1e56fd34408186e4bbccfd4996cb3dc -> 
  custom:container-muxer-webm: aa71ff27fc2769a1b78a27578f13a17b -> 
  custom:container-demuxer-webm: 4f35f7cbe854078d1ac9338744f61a02 -> 
  custom:container-demuxer-ogg: 62fdf1f143b41e24485cea50d1cbac27 -> 
  custom:video-encoder-webm-vp8: eb34c28f22e8b96e1ab97ce403110664 -> 
  custom:video-codec-MediaFoundation-h265: 55f8c8538cf0483ab7069ead6b737db2 -> 
  custom:video-decoder-webm-vp8: 9c59270c3fd7afecdb556c50c9e8de78 -> 
  custom:audio-decoder-ogg-vorbis: bf7c407c2cedff20999df2af8eb42d56 -> 
  custom:audio-encoder-webm-vorbis: bf7c407c2cedff20999df2af8eb42d56 -> 
========================================================================
Received Import Request.
  Time since last request: 603.737878 seconds.
  path: Assets/FightingLvl/Player/AnimationPlayer/ThrustAttack.anim
  artifactKey: Guid(9ea171fe6eba4764586b3aad1b1e1877) Importer(815301076,1909f56bfc062723c751e8b465ee728b)
Start importing Assets/FightingLvl/Player/AnimationPlayer/ThrustAttack.anim using Guid(9ea171fe6eba4764586b3aad1b1e1877) Importer(815301076,1909f56bfc062723c751e8b465ee728b)  -> (artifact id: '3b70fa54be5c4bed901373ad561fcc4f') in 0.117293 seconds 
  Import took 0.130612 seconds .

========================================================================
Received Import Request.
  Time since last request: 48.725366 seconds.
  path: Assets/FightingLvl/Player/AnimationPlayer/Thrust.controller
  artifactKey: Guid(addda5351e11cf548be5cec92d38f485) Importer(815301076,1909f56bfc062723c751e8b465ee728b)
Start importing Assets/FightingLvl/Player/AnimationPlayer/Thrust.controller using Guid(addda5351e11cf548be5cec92d38f485) Importer(815301076,1909f56bfc062723c751e8b465ee728b)  -> (artifact id: 'abbfb6bcbea5373577aa8e2e33357d5f') in 0.010183 seconds 
  Import took 0.030615 seconds .

========================================================================
Received Prepare
Registering precompiled user dll's ...
Registered in 0.013315 seconds.
Begin MonoManager ReloadAssembly
Native extension for WindowsStandalone target not found
Refreshing native plugins compatible for Editor in 1.42 ms, found 3 plugins.
Preloading 0 native plugins for Editor in 0.00 ms.
Mono: successfully reloaded assembly
- Completed reload, in  4.525 seconds
Domain Reload Profiling:
	ReloadAssembly (4532ms)
		BeginReloadAssembly (950ms)
			ExecutionOrderSort (0ms)
			DisableScriptedObjects (50ms)
			BackupInstance (0ms)
			ReleaseScriptingObjects (1ms)
			CreateAndSetChildDomain (346ms)
		EndReloadAssembly (3332ms)
			LoadAssemblies (833ms)
			RebuildTransferFunctionScriptingTraits (1ms)
			SetupTypeCache (1252ms)
			ReleaseScriptCaches (4ms)
			RebuildScriptCaches (134ms)
			SetupLoadedEditorAssemblies (1107ms)
				LogAssemblyErrors (0ms)
				InitializePlatformSupportModulesInManaged (17ms)
				SetLoadedEditorAssemblies (2ms)
				RefreshPlugins (2ms)
				BeforeProcessingInitializeOnLoad (242ms)
				ProcessInitializeOnLoadAttributes (780ms)
				ProcessInitializeOnLoadMethodAttributes (44ms)
				AfterProcessingInitializeOnLoad (21ms)
				EditorAssembliesLoaded (0ms)
			ExecutionOrderSort2 (0ms)
			AwakeInstancesAfterBackupRestoration (37ms)
Platform modules already initialized, skipping
Refreshing native plugins compatible for Editor in 1.45 ms, found 3 plugins.
Preloading 0 native plugins for Editor in 0.00 ms.
Unloading 2192 Unused Serialized files (Serialized files now loaded: 0)
System memory in use before: 98.8 MB.
System memory in use after: 98.9 MB.

Unloading 17 unused Assets to reduce memory usage. Loaded Objects now: 2664.
Total: 29.919115 ms (FindLiveObjects: 0.616485 ms CreateObjectMapping: 0.402441 ms MarkObjects: 26.203883 ms  DeleteObjects: 2.692576 ms)

AssetImportParameters requested are different than current active one (requested -> active):
  custom:framework-win-MediaFoundation: 216162199b28c13a410421893ffa2e32 -> 
  custom:video-decoder-ogg-theora: a1e56fd34408186e4bbccfd4996cb3dc -> 
  custom:container-muxer-webm: aa71ff27fc2769a1b78a27578f13a17b -> 
  custom:container-demuxer-webm: 4f35f7cbe854078d1ac9338744f61a02 -> 
  custom:container-demuxer-ogg: 62fdf1f143b41e24485cea50d1cbac27 -> 
  custom:video-encoder-webm-vp8: eb34c28f22e8b96e1ab97ce403110664 -> 
  custom:video-codec-MediaFoundation-h265: 55f8c8538cf0483ab7069ead6b737db2 -> 
  custom:video-decoder-webm-vp8: 9c59270c3fd7afecdb556c50c9e8de78 -> 
  custom:audio-decoder-ogg-vorbis: bf7c407c2cedff20999df2af8eb42d56 -> 
  custom:audio-encoder-webm-vorbis: bf7c407c2cedff20999df2af8eb42d56 -> 
========================================================================
Received Import Request.
  Time since last request: 1184.483761 seconds.
  path: Assets/FightingLvl/Player/AnimationPlayer/ThrustAttack.anim
  artifactKey: Guid(9ea171fe6eba4764586b3aad1b1e1877) Importer(815301076,1909f56bfc062723c751e8b465ee728b)
Start importing Assets/FightingLvl/Player/AnimationPlayer/ThrustAttack.anim using Guid(9ea171fe6eba4764586b3aad1b1e1877) Importer(815301076,1909f56bfc062723c751e8b465ee728b)  -> (artifact id: 'cf67dfeb17796b8efd967fbe9bc3f2bc') in 0.140969 seconds 
  Import took 0.161094 seconds .

========================================================================
Received Import Request.
  Time since last request: 65.642085 seconds.
  path: Assets/FightingLvl/Player/AnimationPlayer/Player.controller
  artifactKey: Guid(dac6c133ee2f8924d89b3cd995010702) Importer(815301076,1909f56bfc062723c751e8b465ee728b)
Start importing Assets/FightingLvl/Player/AnimationPlayer/Player.controller using Guid(dac6c133ee2f8924d89b3cd995010702) Importer(815301076,1909f56bfc062723c751e8b465ee728b)  -> (artifact id: 'c02601447c9327e40e1b2acc08ee060c') in 0.122531 seconds 
  Import took 0.153183 seconds .

========================================================================
Received Prepare
Registering precompiled user dll's ...
Registered in 0.015405 seconds.
Begin MonoManager ReloadAssembly
Native extension for WindowsStandalone target not found
Refreshing native plugins compatible for Editor in 14.33 ms, found 3 plugins.
Preloading 0 native plugins for Editor in 0.00 ms.
Mono: successfully reloaded assembly
- Completed reload, in 15.772 seconds
Domain Reload Profiling:
	ReloadAssembly (15790ms)
		BeginReloadAssembly (2083ms)
			ExecutionOrderSort (0ms)
			DisableScriptedObjects (362ms)
			BackupInstance (0ms)
			ReleaseScriptingObjects (0ms)
			CreateAndSetChildDomain (1240ms)
		EndReloadAssembly (13074ms)
			LoadAssemblies (750ms)
			RebuildTransferFunctionScriptingTraits (0ms)
			SetupTypeCache (3993ms)
			ReleaseScriptCaches (11ms)
			RebuildScriptCaches (466ms)
			SetupLoadedEditorAssemblies (6752ms)
				LogAssemblyErrors (0ms)
				InitializePlatformSupportModulesInManaged (147ms)
				SetLoadedEditorAssemblies (34ms)
				RefreshPlugins (15ms)
				BeforeProcessingInitializeOnLoad (2480ms)
				ProcessInitializeOnLoadAttributes (4024ms)
				ProcessInitializeOnLoadMethodAttributes (37ms)
				AfterProcessingInitializeOnLoad (13ms)
				EditorAssembliesLoaded (1ms)
			ExecutionOrderSort2 (0ms)
			AwakeInstancesAfterBackupRestoration (29ms)
Platform modules already initialized, skipping
Refreshing native plugins compatible for Editor in 2.50 ms, found 3 plugins.
Preloading 0 native plugins for Editor in 0.00 ms.
Unloading 2192 Unused Serialized files (Serialized files now loaded: 0)
System memory in use before: 98.8 MB.
System memory in use after: 98.9 MB.

Unloading 17 unused Assets to reduce memory usage. Loaded Objects now: 2666.
Total: 13.735681 ms (FindLiveObjects: 2.592315 ms CreateObjectMapping: 0.434617 ms MarkObjects: 10.500300 ms  DeleteObjects: 0.203319 ms)

AssetImportParameters requested are different than current active one (requested -> active):
  custom:framework-win-MediaFoundation: 216162199b28c13a410421893ffa2e32 -> 
  custom:video-decoder-ogg-theora: a1e56fd34408186e4bbccfd4996cb3dc -> 
  custom:container-muxer-webm: aa71ff27fc2769a1b78a27578f13a17b -> 
  custom:container-demuxer-webm: 4f35f7cbe854078d1ac9338744f61a02 -> 
  custom:container-demuxer-ogg: 62fdf1f143b41e24485cea50d1cbac27 -> 
  custom:video-encoder-webm-vp8: eb34c28f22e8b96e1ab97ce403110664 -> 
  custom:video-codec-MediaFoundation-h265: 55f8c8538cf0483ab7069ead6b737db2 -> 
  custom:video-decoder-webm-vp8: 9c59270c3fd7afecdb556c50c9e8de78 -> 
  custom:audio-decoder-ogg-vorbis: bf7c407c2cedff20999df2af8eb42d56 -> 
  custom:audio-encoder-webm-vorbis: bf7c407c2cedff20999df2af8eb42d56 -> 
========================================================================
Received Prepare
Registering precompiled user dll's ...
Registered in 0.020197 seconds.
Begin MonoManager ReloadAssembly
Native extension for WindowsStandalone target not found
Refreshing native plugins compatible for Editor in 40.43 ms, found 3 plugins.
Preloading 0 native plugins for Editor in 0.00 ms.
Mono: successfully reloaded assembly
- Completed reload, in 14.944 seconds
Domain Reload Profiling:
	ReloadAssembly (14946ms)
		BeginReloadAssembly (479ms)
			ExecutionOrderSort (0ms)
			DisableScriptedObjects (26ms)
			BackupInstance (0ms)
			ReleaseScriptingObjects (0ms)
			CreateAndSetChildDomain (163ms)
		EndReloadAssembly (13870ms)
			LoadAssemblies (731ms)
			RebuildTransferFunctionScriptingTraits (0ms)
			SetupTypeCache (1821ms)
			ReleaseScriptCaches (5ms)
			RebuildScriptCaches (300ms)
			SetupLoadedEditorAssemblies (9797ms)
				LogAssemblyErrors (0ms)
				InitializePlatformSupportModulesInManaged (86ms)
				SetLoadedEditorAssemblies (7ms)
				RefreshPlugins (55ms)
				BeforeProcessingInitializeOnLoad (1549ms)
				ProcessInitializeOnLoadAttributes (8016ms)
				ProcessInitializeOnLoadMethodAttributes (57ms)
				AfterProcessingInitializeOnLoad (26ms)
				EditorAssembliesLoaded (0ms)
			ExecutionOrderSort2 (0ms)
			AwakeInstancesAfterBackupRestoration (46ms)
Platform modules already initialized, skipping
Refreshing native plugins compatible for Editor in 5.23 ms, found 3 plugins.
Preloading 0 native plugins for Editor in 0.00 ms.
Unloading 2192 Unused Serialized files (Serialized files now loaded: 0)
System memory in use before: 98.8 MB.
System memory in use after: 98.9 MB.

Unloading 17 unused Assets to reduce memory usage. Loaded Objects now: 2668.
Total: 62.582569 ms (FindLiveObjects: 0.668714 ms CreateObjectMapping: 0.337621 ms MarkObjects: 61.428408 ms  DeleteObjects: 0.142230 ms)

AssetImportParameters requested are different than current active one (requested -> active):
  custom:framework-win-MediaFoundation: 216162199b28c13a410421893ffa2e32 -> 
  custom:video-decoder-ogg-theora: a1e56fd34408186e4bbccfd4996cb3dc -> 
  custom:container-muxer-webm: aa71ff27fc2769a1b78a27578f13a17b -> 
  custom:container-demuxer-webm: 4f35f7cbe854078d1ac9338744f61a02 -> 
  custom:container-demuxer-ogg: 62fdf1f143b41e24485cea50d1cbac27 -> 
  custom:video-encoder-webm-vp8: eb34c28f22e8b96e1ab97ce403110664 -> 
  custom:video-codec-MediaFoundation-h265: 55f8c8538cf0483ab7069ead6b737db2 -> 
  custom:video-decoder-webm-vp8: 9c59270c3fd7afecdb556c50c9e8de78 -> 
  custom:audio-decoder-ogg-vorbis: bf7c407c2cedff20999df2af8eb42d56 -> 
  custom:audio-encoder-webm-vorbis: bf7c407c2cedff20999df2af8eb42d56 -> 
========================================================================
Received Prepare
Registering precompiled user dll's ...
Registered in 0.010366 seconds.
Begin MonoManager ReloadAssembly
Native extension for WindowsStandalone target not found
Refreshing native plugins compatible for Editor in 5.96 ms, found 3 plugins.
Preloading 0 native plugins for Editor in 0.00 ms.
Mono: successfully reloaded assembly
- Completed reload, in  3.355 seconds
Domain Reload Profiling:
	ReloadAssembly (3356ms)
		BeginReloadAssembly (298ms)
			ExecutionOrderSort (0ms)
			DisableScriptedObjects (21ms)
			BackupInstance (0ms)
			ReleaseScriptingObjects (0ms)
			CreateAndSetChildDomain (94ms)
		EndReloadAssembly (2861ms)
			LoadAssemblies (286ms)
			RebuildTransferFunctionScriptingTraits (0ms)
			SetupTypeCache (1041ms)
			ReleaseScriptCaches (3ms)
			RebuildScriptCaches (199ms)
			SetupLoadedEditorAssemblies (977ms)
				LogAssemblyErrors (0ms)
				InitializePlatformSupportModulesInManaged (14ms)
				SetLoadedEditorAssemblies (3ms)
				RefreshPlugins (7ms)
				BeforeProcessingInitializeOnLoad (250ms)
				ProcessInitializeOnLoadAttributes (656ms)
				ProcessInitializeOnLoadMethodAttributes (30ms)
				AfterProcessingInitializeOnLoad (16ms)
				EditorAssembliesLoaded (0ms)
			ExecutionOrderSort2 (0ms)
			AwakeInstancesAfterBackupRestoration (25ms)
Platform modules already initialized, skipping
Refreshing native plugins compatible for Editor in 1.39 ms, found 3 plugins.
Preloading 0 native plugins for Editor in 0.00 ms.
Unloading 2192 Unused Serialized files (Serialized files now loaded: 0)
System memory in use before: 98.8 MB.
System memory in use after: 98.9 MB.

Unloading 17 unused Assets to reduce memory usage. Loaded Objects now: 2670.
Total: 12.851524 ms (FindLiveObjects: 0.696694 ms CreateObjectMapping: 3.372948 ms MarkObjects: 8.657839 ms  DeleteObjects: 0.120313 ms)

AssetImportParameters requested are different than current active one (requested -> active):
  custom:framework-win-MediaFoundation: 216162199b28c13a410421893ffa2e32 -> 
  custom:video-decoder-ogg-theora: a1e56fd34408186e4bbccfd4996cb3dc -> 
  custom:container-muxer-webm: aa71ff27fc2769a1b78a27578f13a17b -> 
  custom:container-demuxer-webm: 4f35f7cbe854078d1ac9338744f61a02 -> 
  custom:container-demuxer-ogg: 62fdf1f143b41e24485cea50d1cbac27 -> 
  custom:video-encoder-webm-vp8: eb34c28f22e8b96e1ab97ce403110664 -> 
  custom:video-codec-MediaFoundation-h265: 55f8c8538cf0483ab7069ead6b737db2 -> 
  custom:video-decoder-webm-vp8: 9c59270c3fd7afecdb556c50c9e8de78 -> 
  custom:audio-decoder-ogg-vorbis: bf7c407c2cedff20999df2af8eb42d56 -> 
  custom:audio-encoder-webm-vorbis: bf7c407c2cedff20999df2af8eb42d56 -> 
